[REQUEST] 1762893177904 GET /api/lessons IP:::1
[RESPONCE] 2025-11-11T20:32:58.385Z Status: 200 Duration: 432ms
[REQUEST] 1762893197066 GET /api/lessons/123 IP:::1
[RESPONCE] 2025-11-11T20:33:17.136Z Status: 400 Duration: 70ms
[REQUEST] 1762893275601 GET /api/lessons/64f123abc456def7890gh12 IP:::1
[RESPONCE] 2025-11-11T20:34:35.799Z Status: 400 Duration: 198ms
[REQUEST] 1762893316525 POST /api/lessons IP:::1
[RESPONCE] 2025-11-11T20:35:16.593Z Status: 500 Duration: 68ms
[REQUEST] 1762893443269 POST /api/lessons IP:::1
[RESPONCE] 2025-11-11T20:37:23.404Z Status: 500 Duration: 135ms
[REQUEST] 1762893578189 POST /api/lessons IP:::1
[REQUEST] 1762893631907 POST /api/lessons IP:::1
[RESPONCE] 2025-11-11T20:40:32.204Z Status: 201 Duration: 297ms
[REQUEST] 1762893706000 PUT /api/lessons/69139f3fc5db4e3fab71cc24 IP:::1
[RESPONCE] 2025-11-11T20:41:46.216Z Status: 200 Duration: 216ms
[REQUEST] 1762893753463 PUT /api/lessons/69139f3fc5db4e3fab71cc24 IP:::1
[RESPONCE] 2025-11-11T20:42:33.666Z Status: 200 Duration: 203ms
[REQUEST] 1762893772807 PUT /api/lessons/69139f3fc5db4e3fab71cc24 IP:::1
[RESPONCE] 2025-11-11T20:42:53.128Z Status: 200 Duration: 321ms
[REQUEST] 1762893792824 DELETE /api/lessons/69139f3fc5db4e3fab71cc24 IP:::1
[RESPONCE] 2025-11-11T20:43:12.847Z Status: 400 Duration: 23ms
[REQUEST] 1762893839253 DELETE /api/lessons/69139f3fc5db4e3fab71cc24 IP:::1
[RESPONCE] 2025-11-11T20:43:59.403Z Status: 400 Duration: 150ms
[REQUEST] 1762893964257 DELETE /api/lessons/69139f3fc5db4e3fab71cc24 IP:::1
[RESPONCE] 2025-11-11T20:46:04.905Z Status: 400 Duration: 648ms
[REQUEST] 1762893972438 DELETE /api/lessons/69139f3fc5db4e3fab71cc24 IP:::1
[RESPONCE] 2025-11-11T20:46:12.961Z Status: 400 Duration: 523ms
[REQUEST] 1762894001489 PUT /api/lessons/ IP:::1
[RESPONCE] 2025-11-11T20:46:41.497Z Status: 404 Duration: 8ms
[REQUEST] 1762894009930 PUT /api/lessons IP:::1
[RESPONCE] 2025-11-11T20:46:49.935Z Status: 404 Duration: 5ms
[REQUEST] 1762894022634 POST /api/lessons IP:::1
[RESPONCE] 2025-11-11T20:47:02.913Z Status: 201 Duration: 279ms
[REQUEST] 1762894052484 POST /api/lessons IP:::1
[RESPONCE] 2025-11-11T20:47:32.493Z Status: 500 Duration: 9ms
[REQUEST] 1762894092132 POST /api/lessons IP:::1
[RESPONCE] 2025-11-11T20:48:12.311Z Status: 201 Duration: 179ms
[REQUEST] 1762894093209 POST /api/lessons IP:::1
[RESPONCE] 2025-11-11T20:48:13.408Z Status: 201 Duration: 199ms
[REQUEST] 1762894155203 POST /api/lessons/:6913a10dda0d756dbb01312d/add-student IP:::1
[RESPONCE] 2025-11-11T20:49:15.396Z Status: 400 Duration: 193ms
